#
# There is insufficient memory for the Java Runtime Environment to continue.
# Native memory allocation (malloc) failed to allocate 1299216 bytes for Chunk::new
# Possible reasons:
#   The system is out of physical RAM or swap space
#   In 32 bit mode, the process size limit was hit
# Possible solutions:
#   Reduce memory load on the system
#   Increase physical memory or swap space
#   Check if swap backing store is full
#   Use 64 bit Java on a 64 bit OS
#   Decrease Java heap size (-Xmx/-Xms)
#   Decrease number of Java threads
#   Decrease Java thread stack sizes (-Xss)
#   Set larger code cache with -XX:ReservedCodeCacheSize=
# This output file may be truncated or incomplete.
#
#  Out of Memory Error (allocation.cpp:323), pid=2592, tid=5724
#
# JRE version: Java(TM) SE Runtime Environment (7.0_79-b15) (build 1.7.0_79-b15)
# Java VM: Java HotSpot(TM) 64-Bit Server VM (24.79-b02 mixed mode windows-amd64 compressed oops)
# Failed to write core dump. Minidumps are not enabled by default on client versions of Windows
#

---------------  T H R E A D  ---------------

Current thread (0x0000000008737000):  JavaThread "C2 CompilerThread0" daemon [_thread_in_native, id=5724, stack(0x00000000098c0000,0x00000000099c0000)]

Stack: [0x00000000098c0000,0x00000000099c0000]
[error occurred during error reporting (printing stack bounds), id 0xc0000005]


Current CompileTask:
C2:  21686  438   !         com.android.dx.cf.code.Ropper::processBlock (1101 bytes)


---------------  P R O C E S S  ---------------

Java Threads: ( => current thread )
  0x00000000087a6800 JavaThread "pool-1-thread-4" [_thread_blocked, id=5420, stack(0x000000000a790000,0x000000000a890000)]
  0x000000000879f800 JavaThread "pool-1-thread-3" [_thread_blocked, id=5876, stack(0x000000000a5e0000,0x000000000a6e0000)]
  0x0000000009eed800 JavaThread "pool-1-thread-2" [_thread_blocked, id=6016, stack(0x000000000a4b0000,0x000000000a5b0000)]
  0x0000000009eed000 JavaThread "pool-2-thread-1" [_thread_blocked, id=1208, stack(0x0000000009780000,0x0000000009880000)]
  0x0000000009eec000 JavaThread "pool-1-thread-1" [_thread_blocked, id=4024, stack(0x000000000a1b0000,0x000000000a2b0000)]
  0x0000000008741000 JavaThread "Service Thread" daemon [_thread_blocked, id=276, stack(0x0000000009c70000,0x0000000009d70000)]
  0x000000000873d000 JavaThread "C2 CompilerThread1" daemon [_thread_blocked, id=5800, stack(0x0000000009af0000,0x0000000009bf0000)]
=>0x0000000008737000 JavaThread "C2 CompilerThread0" daemon [_thread_in_native, id=5724, stack(0x00000000098c0000,0x00000000099c0000)]
  0x0000000008735800 JavaThread "Attach Listener" daemon [_thread_blocked, id=2596, stack(0x0000000009680000,0x0000000009780000)]
  0x0000000008734000 JavaThread "Signal Dispatcher" daemon [_thread_blocked, id=736, stack(0x0000000009460000,0x0000000009560000)]
  0x00000000086dc000 JavaThread "Finalizer" daemon [_thread_blocked, id=3088, stack(0x0000000009210000,0x0000000009310000)]
  0x00000000026fe800 JavaThread "Reference Handler" daemon [_thread_blocked, id=4364, stack(0x0000000009340000,0x0000000009440000)]
  0x00000000025fe000 JavaThread "main" [_thread_in_Java, id=5836, stack(0x00000000028f0000,0x00000000029f0000)]

Other Threads:
  0x00000000086d2800 VMThread [stack: 0x00000000090e0000,0x00000000091e0000] [id=5020]
  0x000000000874e800 WatcherThread [stack: 0x00000000099d0000,0x0000000009ad0000] [id=4676]

VM state:not at safepoint (normal execution)

VM Mutex/Monitor currently owned by a thread: None

Heap
 PSYoungGen      total 31744K, used 5648K [0x00000000eaa80000, 0x00000000ef180000, 0x0000000100000000)
  eden space 29696K, 12% used [0x00000000eaa80000,0x00000000eae0c2b8,0x00000000ec780000)
  from space 2048K, 98% used [0x00000000ec780000,0x00000000ec978028,0x00000000ec980000)
  to   space 6656K, 0% used [0x00000000eeb00000,0x00000000eeb00000,0x00000000ef180000)
 ParOldGen       total 37376K, used 13996K [0x00000000c0000000, 0x00000000c2480000, 0x00000000eaa80000)
  object space 37376K, 37% used [0x00000000c0000000,0x00000000c0dab150,0x00000000c2480000)
 PSPermGen       total 21504K, used 5854K [0x00000000bae00000, 0x00000000bc300000, 0x00000000c0000000)
  object space 21504K, 27% used [0x00000000bae00000,0x00000000bb3b7b10,0x00000000bc300000)

Card table byte_map: [0x00000000059f0000,0x0000000005c20000] byte_map_base: 0x0000000005419000

Polling page: 0x0000000000130000

Code Cache  [0x00000000029f0000, 0x0000000002c60000, 0x00000000059f0000)
 total_blobs=671 nmethods=435 adapters=189 free_code_cache=47310Kb largest_free_block=48390656

Compilation events (10 events):
Event: 21.197 Thread 0x000000000873d000 nmethod 433 0x0000000002bc30d0 code [0x0000000002bc39c0, 0x0000000002bc60f8]
Event: 21.274 Thread 0x0000000008737000  436             com.android.dx.rop.cst.CstType::getClassType (5 bytes)
Event: 21.274 Thread 0x0000000008737000 nmethod 436 0x0000000002b8ae10 code [0x0000000002b8af40, 0x0000000002b8af98]
Event: 21.306 Thread 0x000000000873d000  437             com.android.dx.ssa.SCCP::simulatePhi (169 bytes)
Event: 21.332 Thread 0x000000000873d000 nmethod 437 0x0000000002aad350 code [0x0000000002aad520, 0x0000000002aae268]
Event: 21.362 Thread 0x0000000008737000  438   !         com.android.dx.cf.code.Ropper::processBlock (1101 bytes)
Event: 21.374 Thread 0x000000000873d000  439             com.android.dx.rop.cst.CstMemberRef::getNat (5 bytes)
Event: 21.375 Thread 0x000000000873d000 nmethod 439 0x0000000002aad150 code [0x0000000002aad280, 0x0000000002aad2d8]
Event: 21.378 Thread 0x000000000873d000  440             com.android.dx.cf.code.Merger::isPossiblyAssignableFrom (202 bytes)
Event: 21.388 Thread 0x000000000873d000 nmethod 440 0x0000000002a9d350 code [0x0000000002a9d520, 0x0000000002a9db70]

GC Heap History (10 events):
Event: 16.811 GC heap before
{Heap before GC invocations=1 (full 0):
 PSYoungGen      total 16896K, used 14848K [0x00000000eaa80000, 0x00000000ebd00000, 0x0000000100000000)
  eden space 14848K, 100% used [0x00000000eaa80000,0x00000000eb900000,0x00000000eb900000)
  from space 2048K, 0% used [0x00000000ebb00000,0x00000000ebb00000,0x00000000ebd00000)
  to   space 2048K, 0% used [0x00000000eb900000,0x00000000eb900000,0x00000000ebb00000)
 ParOldGen       total 37376K, used 0K [0x00000000c0000000, 0x00000000c2480000, 0x00000000eaa80000)
  object space 37376K, 0% used [0x00000000c0000000,0x00000000c0000000,0x00000000c2480000)
 PSPermGen       total 21504K, used 5564K [0x00000000bae00000, 0x00000000bc300000, 0x00000000c0000000)
  object space 21504K, 25% used [0x00000000bae00000,0x00000000bb36f108,0x00000000bc300000)
Event: 16.822 GC heap after
Heap after GC invocations=1 (full 0):
 PSYoungGen      total 16896K, used 2035K [0x00000000eaa80000, 0x00000000ebd00000, 0x0000000100000000)
  eden space 14848K, 0% used [0x00000000eaa80000,0x00000000eaa80000,0x00000000eb900000)
  from space 2048K, 99% used [0x00000000eb900000,0x00000000ebafce68,0x00000000ebb00000)
  to   space 2048K, 0% used [0x00000000ebb00000,0x00000000ebb00000,0x00000000ebd00000)
 ParOldGen       total 37376K, used 1901K [0x00000000c0000000, 0x00000000c2480000, 0x00000000eaa80000)
  object space 37376K, 5% used [0x00000000c0000000,0x00000000c01db4e8,0x00000000c2480000)
 PSPermGen       total 21504K, used 5564K [0x00000000bae00000, 0x00000000bc300000, 0x00000000c0000000)
  object space 21504K, 25% used [0x00000000bae00000,0x00000000bb36f108,0x00000000bc300000)
}
Event: 17.742 GC heap before
{Heap before GC invocations=2 (full 0):
 PSYoungGen      total 16896K, used 16883K [0x00000000eaa80000, 0x00000000ebd00000, 0x0000000100000000)
  eden space 14848K, 100% used [0x00000000eaa80000,0x00000000eb900000,0x00000000eb900000)
  from space 2048K, 99% used [0x00000000eb900000,0x00000000ebafce68,0x00000000ebb00000)
  to   space 2048K, 0% used [0x00000000ebb00000,0x00000000ebb00000,0x00000000ebd00000)
 ParOldGen       total 37376K, used 1901K [0x00000000c0000000, 0x00000000c2480000, 0x00000000eaa80000)
  object space 37376K, 5% used [0x00000000c0000000,0x00000000c01db4e8,0x00000000c2480000)
 PSPermGen       total 21504K, used 5726K [0x00000000bae00000, 0x00000000bc300000, 0x00000000c0000000)
  object space 21504K, 26% used [0x00000000bae00000,0x00000000bb397968,0x00000000bc300000)
Event: 17.780 GC heap after
Heap after GC invocations=2 (full 0):
 PSYoungGen      total 16896K, used 2032K [0x00000000eaa80000, 0x00000000ecb80000, 0x0000000100000000)
  eden space 14848K, 0% used [0x00000000eaa80000,0x00000000eaa80000,0x00000000eb900000)
  from space 2048K, 99% used [0x00000000ebb00000,0x00000000ebcfc038,0x00000000ebd00000)
  to   space 2048K, 0% used [0x00000000eb900000,0x00000000eb900000,0x00000000ebb00000)
 ParOldGen       total 37376K, used 4185K [0x00000000c0000000, 0x00000000c2480000, 0x00000000eaa80000)
  object space 37376K, 11% used [0x00000000c0000000,0x00000000c04164d8,0x00000000c2480000)
 PSPermGen       total 21504K, used 5726K [0x00000000bae00000, 0x00000000bc300000, 0x00000000c0000000)
  object space 21504K, 26% used [0x00000000bae00000,0x00000000bb397968,0x00000000bc300000)
}
Event: 18.718 GC heap before
{Heap before GC invocations=3 (full 0):
 PSYoungGen      total 16896K, used 16880K [0x00000000eaa80000, 0x00000000ecb80000, 0x0000000100000000)
  eden space 14848K, 100% used [0x00000000eaa80000,0x00000000eb900000,0x00000000eb900000)
  from space 2048K, 99% used [0x00000000ebb00000,0x00000000ebcfc038,0x00000000ebd00000)
  to   space 2048K, 0% used [0x00000000eb900000,0x00000000eb900000,0x00000000ebb00000)
 ParOldGen       total 37376K, used 4185K [0x00000000c0000000, 0x00000000c2480000, 0x00000000eaa80000)
  object space 37376K, 11% used [0x00000000c0000000,0x00000000c04164d8,0x00000000c2480000)
 PSPermGen       total 21504K, used 5778K [0x00000000bae00000, 0x00000000bc300000, 0x00000000c0000000)
  object space 21504K, 26% used [0x00000000bae00000,0x00000000bb3a4a80,0x00000000bc300000)
Event: 18.731 GC heap after
Heap after GC invocations=3 (full 0):
 PSYoungGen      total 16896K, used 2016K [0x00000000eaa80000, 0x00000000ecb80000, 0x0000000100000000)
  eden space 14848K, 0% used [0x00000000eaa80000,0x00000000eaa80000,0x00000000eb900000)
  from space 2048K, 98% used [0x00000000eb900000,0x00000000ebaf8028,0x00000000ebb00000)
  to   space 2048K, 0% used [0x00000000ec980000,0x00000000ec980000,0x00000000ecb80000)
 ParOldGen       total 37376K, used 6785K [0x00000000c0000000, 0x00000000c2480000, 0x00000000eaa80000)
  object space 37376K, 18% used [0x00000000c0000000,0x00000000c06a0410,0x00000000c2480000)
 PSPermGen       total 21504K, used 5778K [0x00000000bae00000, 0x00000000bc300000, 0x00000000c0000000)
  object space 21504K, 26% used [0x00000000bae00000,0x00000000bb3a4a80,0x00000000bc300000)
}
Event: 19.735 GC heap before
{Heap before GC invocations=4 (full 0):
 PSYoungGen      total 16896K, used 16864K [0x00000000eaa80000, 0x00000000ecb80000, 0x0000000100000000)
  eden space 14848K, 100% used [0x00000000eaa80000,0x00000000eb900000,0x00000000eb900000)
  from space 2048K, 98% used [0x00000000eb900000,0x00000000ebaf8028,0x00000000ebb00000)
  to   space 2048K, 0% used [0x00000000ec980000,0x00000000ec980000,0x00000000ecb80000)
 ParOldGen       total 37376K, used 6785K [0x00000000c0000000, 0x00000000c2480000, 0x00000000eaa80000)
  object space 37376K, 18% used [0x00000000c0000000,0x00000000c06a0410,0x00000000c2480000)
 PSPermGen       total 21504K, used 5807K [0x00000000bae00000, 0x00000000bc300000, 0x00000000c0000000)
  object space 21504K, 27% used [0x00000000bae00000,0x00000000bb3abec8,0x00000000bc300000)
Event: 19.749 GC heap after
Heap after GC invocations=4 (full 0):
 PSYoungGen      total 31744K, used 2016K [0x00000000eaa80000, 0x00000000ecb80000, 0x0000000100000000)
  eden space 29696K, 0% used [0x00000000eaa80000,0x00000000eaa80000,0x00000000ec780000)
  from space 2048K, 98% used [0x00000000ec980000,0x00000000ecb78028,0x00000000ecb80000)
  to   space 2048K, 0% used [0x00000000ec780000,0x00000000ec780000,0x00000000ec980000)
 ParOldGen       total 37376K, used 9169K [0x00000000c0000000, 0x00000000c2480000, 0x00000000eaa80000)
  object space 37376K, 24% used [0x00000000c0000000,0x00000000c08f4410,0x00000000c2480000)
 PSPermGen       total 21504K, used 5807K [0x00000000bae00000, 0x00000000bc300000, 0x00000000c0000000)
  object space 21504K, 27% used [0x00000000bae00000,0x00000000bb3abec8,0x00000000bc300000)
}
Event: 21.338 GC heap before
{Heap before GC invocations=5 (full 0):
 PSYoungGen      total 31744K, used 31712K [0x00000000eaa80000, 0x00000000ecb80000, 0x0000000100000000)
  eden space 29696K, 100% used [0x00000000eaa80000,0x00000000ec780000,0x00000000ec780000)
  from space 2048K, 98% used [0x00000000ec980000,0x00000000ecb78028,0x00000000ecb80000)
  to   space 2048K, 0% used [0x00000000ec780000,0x00000000ec780000,0x00000000ec980000)
 ParOldGen       total 37376K, used 9169K [0x00000000c0000000, 0x00000000c2480000, 0x00000000eaa80000)
  object space 37376K, 24% used [0x00000000c0000000,0x00000000c08f4410,0x00000000c2480000)
 PSPermGen       total 21504K, used 5850K [0x00000000bae00000, 0x00000000bc300000, 0x00000000c0000000)
  object space 21504K, 27% used [0x00000000bae00000,0x00000000bb3b6828,0x00000000bc300000)
Event: 21.361 GC heap after
Heap after GC invocations=5 (full 0):
 PSYoungGen      total 31744K, used 2016K [0x00000000eaa80000, 0x00000000ef180000, 0x0000000100000000)
  eden space 29696K, 0% used [0x00000000eaa80000,0x00000000eaa80000,0x00000000ec780000)
  from space 2048K, 98% used [0x00000000ec780000,0x00000000ec978028,0x00000000ec980000)
  to   space 6656K, 0% used [0x00000000eeb00000,0x00000000eeb00000,0x00000000ef180000)
 ParOldGen       total 37376K, used 13996K [0x00000000c0000000, 0x00000000c2480000, 0x00000000eaa80000)
  object space 37376K, 37% used [0x00000000c0000000,0x00000000c0dab150,0x00000000c2480000)
 PSPermGen       total 21504K, used 5850K [0x00000000bae00000, 0x00000000bc300000, 0x00000000c0000000)
  object space 21504K, 27% used [0x00000000bae00000,0x00000000bb3b6828,0x00000000bc300000)
}

Deoptimization events (10 events):
Event: 18.323 Thread 0x0000000009eed800 Uncommon trap: reason=unreached action=reinterpret pc=0x0000000002afba14 method=com.android.dx.ssa.SCCP.simulateStmt(Lcom/android/dx/ssa/SsaInsn;)V @ 418
Event: 18.790 Thread 0x0000000009eec000 Uncommon trap: reason=unreached action=reinterpret pc=0x0000000002b15b68 method=com.android.dx.cf.code.Ropper.processBlock(Lcom/android/dx/cf/code/ByteBlock;Lcom/android/dx/cf/code/Frame;[I)V @ 513
Event: 19.309 Thread 0x000000000879f800 Uncommon trap: reason=null_check action=make_not_entrant pc=0x0000000002b5d950 method=com.android.dx.dex.file.MethodIdsSection.intern(Lcom/android/dx/rop/cst/CstBaseMethodRef;)Lcom/android/dx/dex/file/MethodIdItem; @ 26
Event: 19.330 Thread 0x0000000009eec000 Uncommon trap: reason=class_check action=maybe_recompile pc=0x0000000002b5ba50 method=com.android.dx.ssa.PhiTypeResolver.run()V @ 132
Event: 19.793 Thread 0x0000000009eed800 Uncommon trap: reason=class_check action=maybe_recompile pc=0x0000000002ace8d4 method=java.util.HashMap.put(Ljava/lang/Object;Ljava/lang/Object;)Ljava/lang/Object; @ 83
Event: 19.894 Thread 0x0000000009eed800 Uncommon trap: reason=class_check action=maybe_recompile pc=0x0000000002b5ba50 method=com.android.dx.ssa.PhiTypeResolver.run()V @ 132
Event: 19.981 Thread 0x00000000087a6800 Uncommon trap: reason=unreached action=reinterpret pc=0x0000000002aca8c4 method=com.android.dx.ssa.SCCP.simulateBranch(Lcom/android/dx/ssa/SsaInsn;)V @ 132
Event: 19.982 Thread 0x00000000087a6800 Uncommon trap: reason=unloaded action=reinterpret pc=0x0000000002b1f708 method=com.android.dx.ssa.LiteralOpUpgrader$1.visitNonMoveInsn(Lcom/android/dx/ssa/NormalSsaInsn;)V @ 72
Event: 20.774 Thread 0x00000000087a6800 Uncommon trap: reason=null_check action=make_not_entrant pc=0x0000000002bb6694 method=com.android.dx.dex.file.FieldIdsSection.intern(Lcom/android/dx/rop/cst/CstFieldRef;)Lcom/android/dx/dex/file/FieldIdItem; @ 26
Event: 21.103 Thread 0x0000000009eec000 Uncommon trap: reason=null_check action=make_not_entrant pc=0x0000000002bad6f4 method=com.android.dx.cf.code.Ropper$CatchInfo.getSetup(Lcom/android/dx/rop/type/Type;)Lcom/android/dx/cf/code/Ropper$ExceptionHandlerSetup; @ 10

Internal exceptions (10 events):
Event: 16.852 Thread 0x0000000009eec000 Implicit null exception at 0x0000000002a78b28 to 0x0000000002a78e59
Event: 17.275 Thread 0x000000000879f800 Threw 0x00000000eb013960 at C:\re\jdk7u79\2331\hotspot\src\share\vm\prims\jvm.cpp:1304
Event: 17.390 Thread 0x00000000087a6800 Implicit null exception at 0x0000000002a9bcf8 to 0x0000000002a9c63d
Event: 17.469 Thread 0x00000000025fe000 Threw 0x00000000eb177020 at C:\re\jdk7u79\2331\hotspot\src\share\vm\prims\jvm.cpp:1304
Event: 17.987 Thread 0x00000000025fe000 Implicit null exception at 0x0000000002ad3937 to 0x0000000002ad4015
Event: 17.988 Thread 0x00000000025fe000 Threw 0x00000000eac01600 at C:\re\jdk7u79\2331\hotspot\src\share\vm\prims\jvm.cpp:1304
Event: 19.309 Thread 0x000000000879f800 Implicit null exception at 0x0000000002b5d294 to 0x0000000002b5d941
Event: 19.982 Thread 0x00000000087a6800 Threw 0x00000000eb3f2280 at C:\re\jdk7u79\2331\hotspot\src\share\vm\prims\jvm.cpp:1304
Event: 20.584 Thread 0x000000000879f800 Threw 0x00000000eb9624e8 at C:\re\jdk7u79\2331\hotspot\src\share\vm\prims\jvm.cpp:1304
Event: 21.103 Thread 0x0000000009eec000 Implicit null exception at 0x0000000002bab3f0 to 0x0000000002bad6e9

Events (10 events):
Event: 20.931 Thread 0x0000000008737000 flushing nmethod 0x0000000002a64810
Event: 20.947 Thread 0x0000000008737000 flushing nmethod 0x0000000002a787d0
Event: 20.947 Thread 0x0000000008737000 flushing nmethod 0x0000000002a7b1d0
Event: 20.958 Thread 0x0000000008737000 flushing nmethod 0x0000000002a9b850
Event: 20.958 Thread 0x0000000008737000 flushing nmethod 0x0000000002aab510
Event: 21.103 Thread 0x0000000009eec000 Uncommon trap: trap_request=0xfffffff4 fr.pc=0x0000000002bad6f4
Event: 21.103 Thread 0x0000000009eec000 DEOPT PACKING pc=0x0000000002bad6f4 sp=0x000000000a2ae920
Event: 21.103 Thread 0x0000000009eec000 DEOPT UNPACKING pc=0x0000000002a29064 sp=0x000000000a2ae868 mode 2
Event: 21.338 Executing VM operation: ParallelGCFailedAllocation
Event: 21.361 Executing VM operation: ParallelGCFailedAllocation done


Dynamic libraries:
0x000000013f2f0000 - 0x000000013f323000 	C:\Program Files\Java\jdk1.7.0_79\bin\java.exe
0x0000000077820000 - 0x00000000779c9000 	C:\Windows\SYSTEM32\ntdll.dll
0x0000000077600000 - 0x000000007771f000 	C:\Windows\system32\kernel32.dll
0x000007fefd880000 - 0x000007fefd8ec000 	C:\Windows\system32\KERNELBASE.dll
0x000007fefe510000 - 0x000007fefe5eb000 	C:\Windows\system32\ADVAPI32.dll
0x000007fefe020000 - 0x000007fefe0bf000 	C:\Windows\system32\msvcrt.dll
0x000007feffa60000 - 0x000007feffa7f000 	C:\Windows\SYSTEM32\sechost.dll
0x000007fefeba0000 - 0x000007fefeccd000 	C:\Windows\system32\RPCRT4.dll
0x0000000077720000 - 0x000000007781a000 	C:\Windows\system32\USER32.dll
0x000007fefe850000 - 0x000007fefe8b7000 	C:\Windows\system32\GDI32.dll
0x000007fefda70000 - 0x000007fefda7e000 	C:\Windows\system32\LPK.dll
0x000007fefe8c0000 - 0x000007fefe989000 	C:\Windows\system32\USP10.dll
0x000007fefbfd0000 - 0x000007fefc1c4000 	C:\Windows\WinSxS\amd64_microsoft.windows.common-controls_6595b64144ccf1df_6.0.7601.18837_none_fa3b1e3d17594757\COMCTL32.dll
0x000007fefeb20000 - 0x000007fefeb91000 	C:\Windows\system32\SHLWAPI.dll
0x000007fefdff0000 - 0x000007fefe01e000 	C:\Windows\system32\IMM32.DLL
0x000007fefdee0000 - 0x000007fefdfe9000 	C:\Windows\system32\MSCTF.dll
0x000007fefd500000 - 0x000007fefd531000 	C:\Windows\system32\nvinitx.dll
0x000000000f000000 - 0x000000000f006000 	C:\Program Files\NVIDIA Corporation\CoProcManager\detoured.dll
0x000007fefa750000 - 0x000007fefa77d000 	C:\Program Files\NVIDIA Corporation\CoProcManager\nvd3d9wrapx.dll
0x000007fefdce0000 - 0x000007fefdeb7000 	C:\Windows\system32\SETUPAPI.dll
0x000007fefd950000 - 0x000007fefd986000 	C:\Windows\system32\CFGMGR32.dll
0x000007fefe430000 - 0x000007fefe507000 	C:\Windows\system32\OLEAUT32.dll
0x000007fefe5f0000 - 0x000007fefe7f3000 	C:\Windows\system32\ole32.dll
0x000007fefd930000 - 0x000007fefd94a000 	C:\Windows\system32\DEVOBJ.dll
0x000007fefa720000 - 0x000007fefa742000 	C:\Program Files\NVIDIA Corporation\CoProcManager\nvdxgiwrapx.dll
0x0000000074340000 - 0x0000000074412000 	C:\Program Files\Java\jdk1.7.0_79\jre\bin\msvcr100.dll
0x000000006d690000 - 0x000000006de65000 	C:\Program Files\Java\jdk1.7.0_79\jre\bin\server\jvm.dll
0x000007fefb3b0000 - 0x000007fefb3b9000 	C:\Windows\system32\WSOCK32.dll
0x000007fefe800000 - 0x000007fefe84d000 	C:\Windows\system32\WS2_32.dll
0x000007feffa80000 - 0x000007feffa88000 	C:\Windows\system32\NSI.dll
0x000007fefb4e0000 - 0x000007fefb51b000 	C:\Windows\system32\WINMM.dll
0x00000000779f0000 - 0x00000000779f7000 	C:\Windows\system32\PSAPI.DLL
0x00000000744f0000 - 0x00000000744ff000 	C:\Program Files\Java\jdk1.7.0_79\jre\bin\verify.dll
0x00000000744c0000 - 0x00000000744e8000 	C:\Program Files\Java\jdk1.7.0_79\jre\bin\java.dll
0x00000000744a0000 - 0x00000000744b5000 	C:\Program Files\Java\jdk1.7.0_79\jre\bin\zip.dll
0x0000000074480000 - 0x000000007449a000 	C:\Program Files\Java\jdk1.7.0_79\jre\bin\net.dll
0x000007fefcd10000 - 0x000007fefcd65000 	C:\Windows\system32\mswsock.dll
0x000007fefcd00000 - 0x000007fefcd07000 	C:\Windows\System32\wship6.dll
0x0000000074460000 - 0x0000000074471000 	C:\Program Files\Java\jdk1.7.0_79\jre\bin\nio.dll

VM Arguments:
jvm_args: -Xmx1024M -Dfile.encoding=windows-1251 -Duser.country=RU -Duser.language=ru -Duser.variant 
java_command: com.android.dx.command.Main --dex --num-threads=4 --output C:\Users\User\Documents\GitHub\AndroidLessons\CriminalIntent\app\build\intermediates\pre-dexed\debug\internal_impl-23.0.0-91b610d370587a993e28d8e8e8150bd338b76136.jar C:\Users\User\Documents\GitHub\AndroidLessons\CriminalIntent\app\build\intermediates\exploded-aar\com.android.support\support-v4\23.0.0\jars\libs\internal_impl-23.0.0.jar
Launcher Type: SUN_STANDARD

Environment Variables:
PATH=C:\ProgramData\Oracle\Java\javapath;C:\Windows\system32;C:\Windows;C:\Windows\System32\Wbem;C:\Windows\System32\WindowsPowerShell\v1.0\
USERNAME=User
OS=Windows_NT
PROCESSOR_IDENTIFIER=Intel64 Family 6 Model 58 Stepping 9, GenuineIntel



---------------  S Y S T E M  ---------------

OS: Windows 7 , 64 bit Build 7601 Service Pack 1

CPU:total 2 (2 cores per cpu, 1 threads per core) family 6 model 58 stepping 9, cmov, cx8, fxsr, mmx, sse, sse2, sse3, ssse3, sse4.1, sse4.2, popcnt, erms, tsc, tscinvbit, tscinv

Memory: 4k page, physical 3618344k(298384k free), swap 5664504k(6764k free)

vm_info: Java HotSpot(TM) 64-Bit Server VM (24.79-b02) for windows-amd64 JRE (1.7.0_79-b15), built on Apr 10 2015 12:36:16 by "java_re" with unknown MS VC++:1600

time: Fri Aug 28 12:02:54 2015
elapsed time: 21 seconds

