#
# There is insufficient memory for the Java Runtime Environment to continue.
# Native memory allocation (malloc) failed to allocate 1048576 bytes for AllocateHeap
# Possible reasons:
#   The system is out of physical RAM or swap space
#   In 32 bit mode, the process size limit was hit
# Possible solutions:
#   Reduce memory load on the system
#   Increase physical memory or swap space
#   Check if swap backing store is full
#   Use 64 bit Java on a 64 bit OS
#   Decrease Java heap size (-Xmx/-Xms)
#   Decrease number of Java threads
#   Decrease Java thread stack sizes (-Xss)
#   Set larger code cache with -XX:ReservedCodeCacheSize=
# This output file may be truncated or incomplete.
#
#  Out of Memory Error (memory/allocation.inline.hpp:61), pid=4564, tid=5148
#
# JRE version:  (7.0_79-b15) (build )
# Java VM: Java HotSpot(TM) 64-Bit Server VM (24.79-b02 mixed mode windows-amd64 compressed oops)
# Failed to write core dump. Minidumps are not enabled by default on client versions of Windows
#

---------------  T H R E A D  ---------------

Current thread (0x00000000001ae000):  JavaThread "Unknown thread" [_thread_in_vm, id=5148, stack(0x00000000028f0000,0x00000000029f0000)]

Stack: [0x00000000028f0000,0x00000000029f0000]
[error occurred during error reporting (printing stack bounds), id 0xc0000005]


---------------  P R O C E S S  ---------------

Java Threads: ( => current thread )

Other Threads:

=>0x00000000001ae000 (exited) JavaThread "Unknown thread" [_thread_in_vm, id=5148, stack(0x00000000028f0000,0x00000000029f0000)]

VM state:not at safepoint (normal execution)

VM Mutex/Monitor currently owned by a thread: None

Heap
 PSYoungGen      total 16896K, used 297K [0x00000000eaa80000, 0x00000000ebd00000, 0x0000000100000000)
  eden space 14848K, 2% used [0x00000000eaa80000,0x00000000eaaca428,0x00000000eb900000)
  from space 2048K, 0% used [0x00000000ebb00000,0x00000000ebb00000,0x00000000ebd00000)
  to   space 2048K, 0% used [0x00000000eb900000,0x00000000eb900000,0x00000000ebb00000)
 ParOldGen       total 37376K, used 0K [0x00000000c0000000, 0x00000000c2480000, 0x00000000eaa80000)
  object space 37376K, 0% used [0x00000000c0000000,0x00000000c0000000,0x00000000c2480000)
 PSPermGen       total 21504K, used 697K [0x00000000bae00000, 0x00000000bc300000, 0x00000000c0000000)
  object space 21504K, 3% used [0x00000000bae00000,0x00000000baeae588,0x00000000bc300000)

Card table byte_map: [0x00000000059f0000,0x0000000005c20000] byte_map_base: 0x0000000005419000

Polling page: 0x0000000000130000

Code Cache  [0x00000000029f0000, 0x0000000002c60000, 0x00000000059f0000)
 total_blobs=37 nmethods=0 adapters=20 free_code_cache=48890Kb largest_free_block=50063104

Compilation events (0 events):
No events

GC Heap History (0 events):
No events

Deoptimization events (0 events):
No events

Internal exceptions (0 events):
No events

Events (10 events):
Event: 0.681 loading class 0x0000000002640a00
Event: 0.681 loading class 0x0000000002640a00 done
Event: 0.681 loading class 0x0000000002640a50
Event: 0.682 loading class 0x0000000002640a50 done
Event: 0.682 loading class 0x0000000002640aa0
Event: 0.682 loading class 0x0000000002640aa0 done
Event: 0.701 loading class 0x0000000002641820
Event: 0.702 loading class 0x0000000002641820 done
Event: 0.702 loading class 0x0000000002641440
Event: 0.702 loading class 0x0000000002641440 done


Dynamic libraries:
0x000000013f2f0000 - 0x000000013f323000 	C:\Program Files\Java\jdk1.7.0_79\bin\java.exe
0x0000000077820000 - 0x00000000779c9000 	C:\Windows\SYSTEM32\ntdll.dll
0x0000000077600000 - 0x000000007771f000 	C:\Windows\system32\kernel32.dll
0x000007fefd880000 - 0x000007fefd8ec000 	C:\Windows\system32\KERNELBASE.dll
0x000007fefe510000 - 0x000007fefe5eb000 	C:\Windows\system32\ADVAPI32.dll
0x000007fefe020000 - 0x000007fefe0bf000 	C:\Windows\system32\msvcrt.dll
0x000007feffa60000 - 0x000007feffa7f000 	C:\Windows\SYSTEM32\sechost.dll
0x000007fefeba0000 - 0x000007fefeccd000 	C:\Windows\system32\RPCRT4.dll
0x0000000077720000 - 0x000000007781a000 	C:\Windows\system32\USER32.dll
0x000007fefe850000 - 0x000007fefe8b7000 	C:\Windows\system32\GDI32.dll
0x000007fefda70000 - 0x000007fefda7e000 	C:\Windows\system32\LPK.dll
0x000007fefe8c0000 - 0x000007fefe989000 	C:\Windows\system32\USP10.dll
0x000007fefbfd0000 - 0x000007fefc1c4000 	C:\Windows\WinSxS\amd64_microsoft.windows.common-controls_6595b64144ccf1df_6.0.7601.18837_none_fa3b1e3d17594757\COMCTL32.dll
0x000007fefeb20000 - 0x000007fefeb91000 	C:\Windows\system32\SHLWAPI.dll
0x000007fefdff0000 - 0x000007fefe01e000 	C:\Windows\system32\IMM32.DLL
0x000007fefdee0000 - 0x000007fefdfe9000 	C:\Windows\system32\MSCTF.dll
0x000007fefd500000 - 0x000007fefd531000 	C:\Windows\system32\nvinitx.dll
0x000000000f000000 - 0x000000000f006000 	C:\Program Files\NVIDIA Corporation\CoProcManager\detoured.dll
0x000007fefa750000 - 0x000007fefa77d000 	C:\Program Files\NVIDIA Corporation\CoProcManager\nvd3d9wrapx.dll
0x000007fefdce0000 - 0x000007fefdeb7000 	C:\Windows\system32\SETUPAPI.dll
0x000007fefd950000 - 0x000007fefd986000 	C:\Windows\system32\CFGMGR32.dll
0x000007fefe430000 - 0x000007fefe507000 	C:\Windows\system32\OLEAUT32.dll
0x000007fefe5f0000 - 0x000007fefe7f3000 	C:\Windows\system32\ole32.dll
0x000007fefd930000 - 0x000007fefd94a000 	C:\Windows\system32\DEVOBJ.dll
0x000007fefa720000 - 0x000007fefa742000 	C:\Program Files\NVIDIA Corporation\CoProcManager\nvdxgiwrapx.dll
0x0000000074340000 - 0x0000000074412000 	C:\Program Files\Java\jdk1.7.0_79\jre\bin\msvcr100.dll
0x000000006d690000 - 0x000000006de65000 	C:\Program Files\Java\jdk1.7.0_79\jre\bin\server\jvm.dll
0x000007fefb3b0000 - 0x000007fefb3b9000 	C:\Windows\system32\WSOCK32.dll
0x000007fefe800000 - 0x000007fefe84d000 	C:\Windows\system32\WS2_32.dll
0x000007feffa80000 - 0x000007feffa88000 	C:\Windows\system32\NSI.dll
0x000007fefb4e0000 - 0x000007fefb51b000 	C:\Windows\system32\WINMM.dll
0x00000000779f0000 - 0x00000000779f7000 	C:\Windows\system32\PSAPI.DLL
0x00000000744f0000 - 0x00000000744ff000 	C:\Program Files\Java\jdk1.7.0_79\jre\bin\verify.dll
0x00000000744c0000 - 0x00000000744e8000 	C:\Program Files\Java\jdk1.7.0_79\jre\bin\java.dll
0x00000000744a0000 - 0x00000000744b5000 	C:\Program Files\Java\jdk1.7.0_79\jre\bin\zip.dll

VM Arguments:
jvm_args: -Xmx1024M -Dfile.encoding=windows-1251 -Duser.country=RU -Duser.language=ru -Duser.variant 
java_command: com.android.dx.command.Main --dex --num-threads=4 --output C:\Users\User\Documents\GitHub\AndroidLessons\CriminalIntent\app\build\intermediates\pre-dexed\debug\classes-f536345ac80bb5c71cf414f7c579463f3d1674d0.jar C:\Users\User\Documents\GitHub\AndroidLessons\CriminalIntent\app\build\intermediates\exploded-aar\com.android.support\appcompat-v7\23.0.0\jars\classes.jar
Launcher Type: SUN_STANDARD

Environment Variables:
PATH=C:\ProgramData\Oracle\Java\javapath;C:\Windows\system32;C:\Windows;C:\Windows\System32\Wbem;C:\Windows\System32\WindowsPowerShell\v1.0\
USERNAME=User
OS=Windows_NT
PROCESSOR_IDENTIFIER=Intel64 Family 6 Model 58 Stepping 9, GenuineIntel



---------------  S Y S T E M  ---------------

OS: Windows 7 , 64 bit Build 7601 Service Pack 1

CPU:total 2 (2 cores per cpu, 1 threads per core) family 6 model 58 stepping 9, cmov, cx8, fxsr, mmx, sse, sse2, sse3, ssse3, sse4.1, sse4.2, popcnt, erms, tsc, tscinvbit, tscinv

Memory: 4k page, physical 3618344k(316488k free), swap 5664504k(5260k free)

vm_info: Java HotSpot(TM) 64-Bit Server VM (24.79-b02) for windows-amd64 JRE (1.7.0_79-b15), built on Apr 10 2015 12:36:16 by "java_re" with unknown MS VC++:1600

time: Fri Aug 28 12:08:57 2015
elapsed time: 0 seconds

